This file contains any messages produced by compilers while
running configure, to aid debugging if configure makes a mistake.

It was created by configure, which was
generated by GNU Autoconf 2.59.  Invocation command line was

  $ ./configure 

## --------- ##
## Platform. ##
## --------- ##

hostname = localhost.localdomain
uname -m = i686
uname -r = 2.6.9-42.ELsmp
uname -s = Linux
uname -v = #1 SMP Sat Aug 12 09:39:11 CDT 2006

/usr/bin/uname -p = unknown
/bin/uname -X     = unknown

/bin/arch              = i686
/usr/bin/arch -k       = unknown
/usr/convex/getsysinfo = unknown
hostinfo               = unknown
/bin/machine           = unknown
/usr/bin/oslevel       = unknown
/bin/universe          = unknown

PATH: /usr/kerberos/sbin
PATH: /usr/kerberos/bin
PATH: /usr/local/sbin
PATH: /usr/local/bin
PATH: /sbin
PATH: /bin
PATH: /usr/sbin
PATH: /usr/bin
PATH: /usr/X11R6/bin
PATH: /root/bin
PATH: /data/php/bin
PATH: /data/apache/bin
PATH: /data/mysql/bin


## ----------- ##
## Core tests. ##
## ----------- ##

configure:1481: checking for egrep
configure:1491: result: grep -E
configure:1496: checking for a sed that does not truncate output
configure:1550: result: /bin/sed
configure:1671: checking for gcc
configure:1687: found /usr/bin/gcc
configure:1697: result: gcc
configure:1941: checking for C compiler version
configure:1944: gcc --version </dev/null >&5
gcc (GCC) 3.4.6 20060404 (Red Hat 3.4.6-3)
Copyright (C) 2006 Free Software Foundation, Inc.
This is free software; see the source for copying conditions.  There is NO
warranty; not even for MERCHANTABILITY or FITNESS FOR A PARTICULAR PURPOSE.

configure:1947: $? = 0
configure:1949: gcc -v </dev/null >&5
Reading specs from /usr/lib/gcc/i386-redhat-linux/3.4.6/specs
Configured with: ../configure --prefix=/usr --mandir=/usr/share/man --infodir=/usr/share/info --enable-shared --enable-threads=posix --disable-checking --with-system-zlib --enable-__cxa_atexit --disable-libunwind-exceptions --enable-java-awt=gtk --host=i386-redhat-linux
Thread model: posix
gcc version 3.4.6 20060404 (Red Hat 3.4.6-3)
configure:1952: $? = 0
configure:1954: gcc -V </dev/null >&5
gcc: `-V' option must have argument
configure:1957: $? = 1
configure:1980: checking for C compiler default output file name
configure:1983: gcc    conftest.c  >&5
configure:1986: $? = 0
configure:2032: result: a.out
configure:2037: checking whether the C compiler works
configure:2043: ./a.out
configure:2046: $? = 0
configure:2063: result: yes
configure:2070: checking whether we are cross compiling
configure:2072: result: no
configure:2075: checking for suffix of executables
configure:2077: gcc -o conftest    conftest.c  >&5
configure:2080: $? = 0
configure:2105: result: 
configure:2111: checking for suffix of object files
configure:2132: gcc -c   conftest.c >&5
configure:2135: $? = 0
configure:2157: result: o
configure:2161: checking whether we are using the GNU C compiler
configure:2185: gcc -c   conftest.c >&5
configure:2191: $? = 0
configure:2195: test -z 
			 || test ! -s conftest.err
configure:2198: $? = 0
configure:2201: test -s conftest.o
configure:2204: $? = 0
configure:2217: result: yes
configure:2223: checking whether gcc accepts -g
configure:2244: gcc -c -g  conftest.c >&5
configure:2250: $? = 0
configure:2254: test -z 
			 || test ! -s conftest.err
configure:2257: $? = 0
configure:2260: test -s conftest.o
configure:2263: $? = 0
configure:2274: result: yes
configure:2291: checking for gcc option to accept ANSI C
configure:2361: gcc  -c -g -O2  conftest.c >&5
configure:2367: $? = 0
configure:2371: test -z 
			 || test ! -s conftest.err
configure:2374: $? = 0
configure:2377: test -s conftest.o
configure:2380: $? = 0
configure:2398: result: none needed
configure:2416: gcc -c -g -O2  conftest.c >&5
conftest.c:2: error: syntax error before "me"
configure:2422: $? = 1
configure: failed program was:
| #ifndef __cplusplus
|   choke me
| #endif
configure:2561: checking how to run the C preprocessor
configure:2596: gcc -E  conftest.c
configure:2602: $? = 0
configure:2634: gcc -E  conftest.c
conftest.c:9:28: ac_nonexistent.h: No such file or directory
configure:2640: $? = 1
configure: failed program was:
| /* confdefs.h.  */
| 
| #define PACKAGE_NAME ""
| #define PACKAGE_TARNAME ""
| #define PACKAGE_VERSION ""
| #define PACKAGE_STRING ""
| #define PACKAGE_BUGREPORT ""
| /* end confdefs.h.  */
| #include <ac_nonexistent.h>
configure:2679: result: gcc -E
configure:2703: gcc -E  conftest.c
configure:2709: $? = 0
configure:2741: gcc -E  conftest.c
conftest.c:9:28: ac_nonexistent.h: No such file or directory
configure:2747: $? = 1
configure: failed program was:
| /* confdefs.h.  */
| 
| #define PACKAGE_NAME ""
| #define PACKAGE_TARNAME ""
| #define PACKAGE_VERSION ""
| #define PACKAGE_STRING ""
| #define PACKAGE_BUGREPORT ""
| /* end confdefs.h.  */
| #include <ac_nonexistent.h>
configure:2793: checking for icc
configure:2806: result: no
configure:2819: checking whether gcc and cc understand -c and -o together
configure:2849: gcc -c conftest.c -o conftest.o >&5
configure:2852: $? = 0
configure:2854: gcc -c conftest.c -o conftest.o >&5
configure:2857: $? = 0
configure:2864: cc -c conftest.c >&5
configure:2867: $? = 0
configure:2870: cc -c conftest.c -o conftest.o >&5
configure:2873: $? = 0
configure:2875: cc -c conftest.c -o conftest.o >&5
configure:2878: $? = 0
configure:2896: result: yes
configure:2912: checking for system library directory
configure:2930: result: lib
configure:2937: checking if compiler supports -R
configure:2961: gcc -o conftest -g -O2   conftest.c -R /usr/lib  >&5
gcc: unrecognized option `-R'
/usr/lib: file not recognized: Is a directory
collect2: ld returned 1 exit status
configure:2967: $? = 1
configure: failed program was:
| /* confdefs.h.  */
| 
| #define PACKAGE_NAME ""
| #define PACKAGE_TARNAME ""
| #define PACKAGE_VERSION ""
| #define PACKAGE_STRING ""
| #define PACKAGE_BUGREPORT ""
| /* end confdefs.h.  */
| 
| int
| main ()
| {
| 
|   ;
|   return 0;
| }
configure:2994: result: no
configure:2999: checking if compiler supports -Wl,-rpath,
configure:3023: gcc -o conftest -g -O2   conftest.c -Wl,-rpath,/usr/lib  >&5
configure:3029: $? = 0
configure:3033: test -z 
			 || test ! -s conftest.err
configure:3036: $? = 0
configure:3039: test -s conftest
configure:3042: $? = 0
configure:3056: result: yes
configure:3099: checking build system type
configure:3117: result: i686-pc-linux-gnu
configure:3125: checking host system type
configure:3139: result: i686-pc-linux-gnu
configure:3147: checking target system type
configure:3161: result: i686-pc-linux-gnu
configure:3259: checking for PHP prefix
configure:3261: result: /data/php
configure:3263: checking for PHP includes
configure:3265: result: -I/data/php/include/php -I/data/php/include/php/main -I/data/php/include/php/TSRM -I/data/php/include/php/Zend -I/data/php/include/php/ext -I/data/php/include/php/ext/date/lib
configure:3267: checking for PHP extension directory
configure:3269: result: /data/php/lib/php/extensions/no-debug-zts-20060613
configure:3271: checking for PHP installed headers prefix
configure:3273: result: /data/php/include/php
configure:3276: checking if debug is enabled
configure:3305: result: no
configure:3308: checking if zts is enabled
configure:3338: result: no
configure:3411: checking for re2c
configure:3440: result: no
configure:3464: WARNING: You will need re2c 0.13.4 or later if you want to regenerate PHP parsers.
configure:3478: checking for gawk
configure:3495: found /bin/gawk
configure:3505: result: gawk
configure:3552: checking whether to enable SlightPHP functions
configure:3594: result: yes, shared
configure:3604: checking PHP version
configure:3626: gcc -c -g -O2 -I/data/php/include/php -I/data/php/include/php -I/data/php/include/php/main -I/data/php/include/php/TSRM -I/data/php/include/php/Zend -I/data/php/include/php/ext -I/data/php/include/php/ext/date/lib -DHAVE_SLIGHTPHP conftest.c >&5
configure:3632: $? = 0
configure:3636: test -z 
			 || test ! -s conftest.err
configure:3639: $? = 0
configure:3642: test -s conftest.o
configure:3645: $? = 0
configure:3647: result: ok
configure:4058: checking for ld used by gcc
configure:4125: result: /usr/bin/ld
configure:4134: checking if the linker (/usr/bin/ld) is GNU ld
configure:4149: result: yes
configure:4154: checking for /usr/bin/ld option to reload object files
configure:4161: result: -r
configure:4179: checking for BSD-compatible nm
configure:4221: result: /usr/bin/nm -B
configure:4225: checking whether ln -s works
configure:4229: result: yes
configure:4236: checking how to recognise dependent libraries
configure:4408: result: pass_all
configure:4615: checking for ANSI C header files
configure:4640: gcc -c -g -O2 -I/data/php/include/php conftest.c >&5
configure:4646: $? = 0
configure:4650: test -z 
			 || test ! -s conftest.err
configure:4653: $? = 0
configure:4656: test -s conftest.o
configure:4659: $? = 0
configure:4748: gcc -o conftest -g -O2 -I/data/php/include/php  conftest.c  >&5
configure:4751: $? = 0
configure:4753: ./conftest
configure:4756: $? = 0
configure:4771: result: yes
configure:4795: checking for sys/types.h
configure:4811: gcc -c -g -O2 -I/data/php/include/php conftest.c >&5
configure:4817: $? = 0
configure:4821: test -z 
			 || test ! -s conftest.err
configure:4824: $? = 0
configure:4827: test -s conftest.o
configure:4830: $? = 0
configure:4841: result: yes
configure:4795: checking for sys/stat.h
configure:4811: gcc -c -g -O2 -I/data/php/include/php conftest.c >&5
configure:4817: $? = 0
configure:4821: test -z 
			 || test ! -s conftest.err
configure:4824: $? = 0
configure:4827: test -s conftest.o
configure:4830: $? = 0
configure:4841: result: yes
configure:4795: checking for stdlib.h
configure:4811: gcc -c -g -O2 -I/data/php/include/php conftest.c >&5
configure:4817: $? = 0
configure:4821: test -z 
			 || test ! -s conftest.err
configure:4824: $? = 0
configure:4827: test -s conftest.o
configure:4830: $? = 0
configure:4841: result: yes
configure:4795: checking for string.h
configure:4811: gcc -c -g -O2 -I/data/php/include/php conftest.c >&5
configure:4817: $? = 0
configure:4821: test -z 
			 || test ! -s conftest.err
configure:4824: $? = 0
configure:4827: test -s conftest.o
configure:4830: $? = 0
configure:4841: result: yes
configure:4795: checking for memory.h
configure:4811: gcc -c -g -O2 -I/data/php/include/php conftest.c >&5
configure:4817: $? = 0
configure:4821: test -z 
			 || test ! -s conftest.err
configure:4824: $? = 0
configure:4827: test -s conftest.o
configure:4830: $? = 0
configure:4841: result: yes
configure:4795: checking for strings.h
configure:4811: gcc -c -g -O2 -I/data/php/include/php conftest.c >&5
configure:4817: $? = 0
configure:4821: test -z 
			 || test ! -s conftest.err
configure:4824: $? = 0
configure:4827: test -s conftest.o
configure:4830: $? = 0
configure:4841: result: yes
configure:4795: checking for inttypes.h
configure:4811: gcc -c -g -O2 -I/data/php/include/php conftest.c >&5
configure:4817: $? = 0
configure:4821: test -z 
			 || test ! -s conftest.err
configure:4824: $? = 0
configure:4827: test -s conftest.o
configure:4830: $? = 0
configure:4841: result: yes
configure:4795: checking for stdint.h
configure:4811: gcc -c -g -O2 -I/data/php/include/php conftest.c >&5
configure:4817: $? = 0
configure:4821: test -z 
			 || test ! -s conftest.err
configure:4824: $? = 0
configure:4827: test -s conftest.o
configure:4830: $? = 0
configure:4841: result: yes
configure:4795: checking for unistd.h
configure:4811: gcc -c -g -O2 -I/data/php/include/php conftest.c >&5
configure:4817: $? = 0
configure:4821: test -z 
			 || test ! -s conftest.err
configure:4824: $? = 0
configure:4827: test -s conftest.o
configure:4830: $? = 0
configure:4841: result: yes
configure:4867: checking dlfcn.h usability
configure:4879: gcc -c -g -O2 -I/data/php/include/php conftest.c >&5
configure:4885: $? = 0
configure:4889: test -z 
			 || test ! -s conftest.err
configure:4892: $? = 0
configure:4895: test -s conftest.o
configure:4898: $? = 0
configure:4908: result: yes
configure:4912: checking dlfcn.h presence
configure:4922: gcc -E -I/data/php/include/php conftest.c
configure:4928: $? = 0
configure:4948: result: yes
configure:4983: checking for dlfcn.h
configure:4990: result: yes
configure:5017: checking the maximum length of command line arguments
configure:5109: result: 32768
configure:5120: checking command to parse /usr/bin/nm -B output from gcc object
configure:5216: gcc -c -g -O2 -I/data/php/include/php conftest.c >&5
configure:5219: $? = 0
configure:5223: /usr/bin/nm -B conftest.o \| sed -n -e 's/^.*[ 	]\([ABCDGIRSTW][ABCDGIRSTW]*\)[ 	][ 	]*\([_A-Za-z][_A-Za-z0-9]*\)$/\1 \2 \2/p' \> conftest.nm
configure:5226: $? = 0
configure:5278: gcc -o conftest -g -O2 -I/data/php/include/php  conftest.c conftstm.o >&5
configure:5281: $? = 0
configure:5319: result: ok
configure:5323: checking for objdir
configure:5338: result: .libs
configure:5428: checking for ar
configure:5444: found /usr/bin/ar
configure:5455: result: ar
configure:5508: checking for ranlib
configure:5524: found /usr/bin/ranlib
configure:5535: result: ranlib
configure:5588: checking for strip
configure:5604: found /usr/bin/strip
configure:5615: result: strip
configure:5904: checking if gcc static flag  works
configure:5932: result: yes
configure:5954: checking if gcc supports -fno-rtti -fno-exceptions
configure:5972: gcc -c -g -O2 -I/data/php/include/php -fno-rtti -fno-exceptions conftest.c >&5
cc1: warning: command line option "-fno-rtti" is valid for C++/ObjC++ but not for C
configure:5976: $? = 0
configure:5989: result: no
configure:6004: checking for gcc option to produce PIC
configure:6208: result: -fPIC
configure:6216: checking if gcc PIC flag -fPIC works
configure:6234: gcc -c -g -O2 -I/data/php/include/php -fPIC -DPIC conftest.c >&5
configure:6238: $? = 0
configure:6251: result: yes
configure:6275: checking if gcc supports -c -o file.o
configure:6296: gcc -c -g -O2 -I/data/php/include/php -o out/conftest2.o conftest.c >&5
configure:6300: $? = 0
configure:6322: result: yes
configure:6348: checking whether the gcc linker (/usr/bin/ld) supports shared libraries
configure:7192: result: yes
configure:7218: checking whether -lc should be explicitly linked in
configure:7223: gcc -c -g -O2 -I/data/php/include/php conftest.c >&5
configure:7226: $? = 0
configure:7240: gcc -shared conftest.o  -v -Wl,-soname -Wl,conftest -o conftest 2\>\&1 \| grep  -lc  \>/dev/null 2\>\&1
configure:7243: $? = 0
configure:7255: result: no
configure:7263: checking dynamic linker characteristics
configure:7838: result: GNU/Linux ld.so
configure:7842: checking how to hardcode library paths into programs
configure:7867: result: immediate
configure:7881: checking whether stripping libraries is possible
configure:7886: result: yes
configure:8716: checking if libtool supports shared libraries
configure:8718: result: yes
configure:8721: checking whether to build shared libraries
configure:8742: result: yes
configure:8745: checking whether to build static libraries
configure:8749: result: no
configure:8842: result:
creating libtool
configure:13199: creating ./config.status

## ---------------------- ##
## Running config.status. ##
## ---------------------- ##

This file was extended by config.status, which was
generated by GNU Autoconf 2.59.  Invocation command line was

  CONFIG_FILES    = 
  CONFIG_HEADERS  = 
  CONFIG_LINKS    = 
  CONFIG_COMMANDS = 
  $ ./config.status 

on localhost.localdomain

config.status:454: creating config.h

## ---------------- ##
## Cache variables. ##
## ---------------- ##

ac_cv_build=i686-pc-linux-gnu
ac_cv_build_alias=i686-pc-linux-gnu
ac_cv_c_compiler_gnu=yes
ac_cv_env_CC_set=
ac_cv_env_CC_value=
ac_cv_env_CFLAGS_set=
ac_cv_env_CFLAGS_value=
ac_cv_env_CPPFLAGS_set=
ac_cv_env_CPPFLAGS_value=
ac_cv_env_CPP_set=
ac_cv_env_CPP_value=
ac_cv_env_LDFLAGS_set=
ac_cv_env_LDFLAGS_value=
ac_cv_env_build_alias_set=
ac_cv_env_build_alias_value=
ac_cv_env_host_alias_set=
ac_cv_env_host_alias_value=
ac_cv_env_target_alias_set=
ac_cv_env_target_alias_value=
ac_cv_exeext=
ac_cv_header_dlfcn_h=yes
ac_cv_header_inttypes_h=yes
ac_cv_header_memory_h=yes
ac_cv_header_stdc=yes
ac_cv_header_stdint_h=yes
ac_cv_header_stdlib_h=yes
ac_cv_header_string_h=yes
ac_cv_header_strings_h=yes
ac_cv_header_sys_stat_h=yes
ac_cv_header_sys_types_h=yes
ac_cv_header_unistd_h=yes
ac_cv_host=i686-pc-linux-gnu
ac_cv_host_alias=i686-pc-linux-gnu
ac_cv_objext=o
ac_cv_prog_AWK=gawk
ac_cv_prog_CPP='gcc -E'
ac_cv_prog_ac_ct_AR=ar
ac_cv_prog_ac_ct_CC=gcc
ac_cv_prog_ac_ct_RANLIB=ranlib
ac_cv_prog_ac_ct_STRIP=strip
ac_cv_prog_cc_g=yes
ac_cv_prog_cc_gcc_c_o=yes
ac_cv_prog_cc_stdc=
ac_cv_prog_egrep='grep -E'
ac_cv_target=i686-pc-linux-gnu
ac_cv_target_alias=i686-pc-linux-gnu
lt_cv_deplibs_check_method=pass_all
lt_cv_file_magic_cmd='$MAGIC_CMD'
lt_cv_file_magic_test_file=
lt_cv_ld_reload_flag=-r
lt_cv_objdir=.libs
lt_cv_path_LD=/usr/bin/ld
lt_cv_path_NM='/usr/bin/nm -B'
lt_cv_path_SED=/bin/sed
lt_cv_prog_compiler_c_o=yes
lt_cv_prog_compiler_rtti_exceptions=no
lt_cv_prog_gnu_ld=yes
lt_cv_sys_global_symbol_pipe='sed -n -e '\''s/^.*[ 	]\([ABCDGIRSTW][ABCDGIRSTW]*\)[ 	][ 	]*\([_A-Za-z][_A-Za-z0-9]*\)$/\1 \2 \2/p'\'''
lt_cv_sys_global_symbol_to_c_name_address='sed -n -e '\''s/^: \([^ ]*\) $/  {\"\1\", (lt_ptr) 0},/p'\'' -e '\''s/^[BCDEGRST] \([^ ]*\) \([^ ]*\)$/  {"\2", (lt_ptr) \&\2},/p'\'''
lt_cv_sys_global_symbol_to_cdecl='sed -n -e '\''s/^. .* \(.*\)$/extern int \1;/p'\'''
lt_cv_sys_max_cmd_len=32768
lt_lt_cv_prog_compiler_c_o='"yes"'
lt_lt_cv_sys_global_symbol_pipe='"sed -n -e '\''s/^.*[ 	]\\([ABCDGIRSTW][ABCDGIRSTW]*\\)[ 	][ 	]*\\([_A-Za-z][_A-Za-z0-9]*\\)\$/\\1 \\2 \\2/p'\''"'
lt_lt_cv_sys_global_symbol_to_c_name_address='"sed -n -e '\''s/^: \\([^ ]*\\) \$/  {\\\"\\1\\\", (lt_ptr) 0},/p'\'' -e '\''s/^[BCDEGRST] \\([^ ]*\\) \\([^ ]*\\)\$/  {\"\\2\", (lt_ptr) \\&\\2},/p'\''"'
lt_lt_cv_sys_global_symbol_to_cdecl='"sed -n -e '\''s/^. .* \\(.*\\)\$/extern int \\1;/p'\''"'
php_cv_cc_dashr=no
php_cv_cc_rpath=yes

## ----------------- ##
## Output variables. ##
## ----------------- ##

AR='ar'
AWK='gawk'
CC='gcc'
CFLAGS='-g -O2'
CONFIGURE_COMMAND=' './configure' '
CONFIGURE_OPTIONS=''
CPP='gcc -E'
CPPFLAGS='-I/data/php/include/php -DHAVE_CONFIG_H'
DEFS='-DHAVE_CONFIG_H'
ECHO='echo'
ECHO_C=''
ECHO_N='-n'
ECHO_T=''
EGREP='grep -E'
EXEEXT=''
LDFLAGS=''
LIBOBJS=''
LIBS=''
LIBTOOL='$(SHELL) $(top_builddir)/libtool'
LN_S='ln -s'
LTLIBOBJS=''
OBJEXT='o'
PACKAGE_BUGREPORT=''
PACKAGE_NAME=''
PACKAGE_STRING=''
PACKAGE_TARNAME=''
PACKAGE_VERSION=''
PATH_SEPARATOR=':'
RANLIB='ranlib'
RE2C='exit 0;'
SED='/bin/sed'
SHELL='/bin/sh'
SHLIB_DL_SUFFIX_NAME='so'
SHLIB_SUFFIX_NAME='so'
STRIP='strip'
ac_ct_AR='ar'
ac_ct_CC='gcc'
ac_ct_RANLIB='ranlib'
ac_ct_STRIP='strip'
bindir='${exec_prefix}/bin'
build='i686-pc-linux-gnu'
build_alias=''
build_cpu='i686'
build_os='linux-gnu'
build_vendor='pc'
datadir='${prefix}/share'
exec_prefix='$(prefix)'
host='i686-pc-linux-gnu'
host_alias='i686-pc-linux-gnu'
host_cpu='i686'
host_os='linux-gnu'
host_vendor='pc'
includedir='${prefix}/include'
infodir='${prefix}/info'
libdir='${exec_prefix}/lib'
libexecdir='${exec_prefix}/libexec'
localstatedir='${prefix}/var'
mandir='${prefix}/man'
oldincludedir='/usr/include'
prefix='/data/php'
program_transform_name='s,x,x,'
sbindir='${exec_prefix}/sbin'
sharedstatedir='${prefix}/com'
sysconfdir='${prefix}/etc'
target='i686-pc-linux-gnu'
target_alias=''
target_cpu='i686'
target_os='linux-gnu'
target_vendor='pc'

## ----------- ##
## confdefs.h. ##
## ----------- ##

#define COMPILE_DL_SLIGHTPHP 1
#define HAVE_DLFCN_H 1
#define HAVE_INTTYPES_H 1
#define HAVE_MEMORY_H 1
#define HAVE_SLIGHTPHP 1
#define HAVE_STDINT_H 1
#define HAVE_STDLIB_H 1
#define HAVE_STRINGS_H 1
#define HAVE_STRING_H 1
#define HAVE_SYS_STAT_H 1
#define HAVE_SYS_TYPES_H 1
#define HAVE_UNISTD_H 1
#define PACKAGE_BUGREPORT ""
#define PACKAGE_NAME ""
#define PACKAGE_STRING ""
#define PACKAGE_TARNAME ""
#define PACKAGE_VERSION ""
#define STDC_HEADERS 1

configure: exit 0
